2020-12-10 17:05:21.202: Peer 1001 is connected from Peer 1002.
2020-12-10 17:05:21.205: Peer 1001 is connected from Peer 1003.
2020-12-10 17:05:21.227: Peer 1001 received the 'interested' messaging from 1003.
2020-12-10 17:05:21.227: Peer 1001 received the 'interested' messaging from 1002.
2020-12-10 17:05:21.321: Peer 1001 has preferred neighbors [1003, 1002].
2020-12-10 17:05:21.396: Peer 1001 received the 'have' message from 1002 for the piece 0.
2020-12-10 17:05:21.4: Peer 1001 received the 'have' message from 1003 for the piece 0.
2020-12-10 17:05:21.415: Peer 1001 received the 'have' message from 1003 for the piece 1.
2020-12-10 17:05:21.417: Peer 1001 received the 'have' message from 1002 for the piece 1.
2020-12-10 17:05:21.425: Peer 1001 received the 'have' message from 1002 for the piece 2.
2020-12-10 17:05:21.432: Peer 1001 received the 'have' message from 1003 for the piece 2.
2020-12-10 17:05:21.441: Peer 1001 received the 'have' message from 1002 for the piece 3.
2020-12-10 17:05:21.45: Peer 1001 received the 'have' message from 1003 for the piece 3.
2020-12-10 17:05:21.455: Peer 1001 received the 'have' message from 1002 for the piece 4.
2020-12-10 17:05:21.469: Peer 1001 received the 'have' message from 1002 for the piece 5.
2020-12-10 17:05:21.471: Peer 1001 received the 'have' message from 1003 for the piece 4.
2020-12-10 17:05:21.485: Peer 1001 received the 'have' message from 1002 for the piece 6.
2020-12-10 17:05:21.494: Peer 1001 received the 'have' message from 1003 for the piece 5.
2020-12-10 17:05:21.501: Peer 1001 received the 'have' message from 1002 for the piece 7.
2020-12-10 17:05:21.509: Peer 1001 received the 'have' message from 1003 for the piece 6.
2020-12-10 17:05:21.518: Peer 1001 received the 'have' message from 1002 for the piece 8.
2020-12-10 17:05:21.526: Peer 1001 received the 'have' message from 1003 for the piece 7.
2020-12-10 17:05:21.533: Peer 1001 received the 'have' message from 1002 for the piece 9.
2020-12-10 17:05:21.542: Peer 1001 received the 'have' message from 1003 for the piece 8.
2020-12-10 17:05:21.553: Peer 1001 received the 'have' message from 1002 for the piece 10.
2020-12-10 17:05:21.556: Peer 1001 received the 'have' message from 1003 for the piece 9.
2020-12-10 17:05:21.57: Peer 1001 received the 'have' message from 1003 for the piece 10.
2020-12-10 17:05:21.576: Peer 1001 received the 'have' message from 1002 for the piece 11.
2020-12-10 17:05:21.592: Peer 1001 received the 'have' message from 1003 for the piece 11.
2020-12-10 17:05:21.617: Peer 1001 received the 'have' message from 1002 for the piece 12.
2020-12-10 17:05:21.687: Peer 1001 received the 'have' message from 1003 for the piece 12.
2020-12-10 17:05:21.723: Peer 1001 received the 'have' message from 1002 for the piece 13.
2020-12-10 17:05:21.747: Peer 1001 received the 'have' message from 1003 for the piece 12.
2020-12-10 17:05:21.784: Peer 1001 received the 'have' message from 1003 for the piece 13.
2020-12-10 17:05:21.834: Peer 1001 received the 'have' message from 1003 for the piece 13.
2020-12-10 17:05:21.839: Peer 1001 received the 'have' message from 1002 for the piece 14.
2020-12-10 17:05:21.844: Peer 1001 received the 'have' message from 1003 for the piece 14.
2020-12-10 17:05:21.895: Peer 1001 received the 'have' message from 1003 for the piece 15.
2020-12-10 17:05:21.91: Peer 1001 received the 'have' message from 1002 for the piece 15.
2020-12-10 17:05:21.967: Peer 1001 received the 'have' message from 1003 for the piece 16.
2020-12-10 17:05:21.97: Peer 1001 received the 'have' message from 1002 for the piece 16.
2020-12-10 17:05:22.019: Peer 1001 received the 'have' message from 1002 for the piece 17.
2020-12-10 17:05:22.033: Peer 1001 received the 'have' message from 1003 for the piece 17.
2020-12-10 17:05:22.089: Peer 1001 received the 'have' message from 1003 for the piece 18.
2020-12-10 17:05:22.099: Peer 1001 received the 'have' message from 1002 for the piece 18.
2020-12-10 17:05:22.151: Peer 1001 received the 'have' message from 1003 for the piece 19.
2020-12-10 17:05:22.159: Peer 1001 received the 'have' message from 1002 for the piece 19.
2020-12-10 17:05:22.209: Peer 1001 received the 'have' message from 1003 for the piece 20.
2020-12-10 17:05:22.217: Peer 1001 received the 'have' message from 1002 for the piece 20.
2020-12-10 17:05:22.254: Peer 1001 received the 'have' message from 1003 for the piece 21.
2020-12-10 17:05:22.304: Peer 1001 received the 'have' message from 1002 for the piece 21.
2020-12-10 17:05:22.319: Peer 1001 received the 'have' message from 1003 for the piece 22.
2020-12-10 17:05:22.382: Peer 1001 received the 'have' message from 1003 for the piece 23.
2020-12-10 17:05:22.422: Peer 1001 received the 'have' message from 1002 for the piece 22.
2020-12-10 17:05:22.456: Peer 1001 received the 'have' message from 1003 for the piece 24.
2020-12-10 17:05:22.489: Peer 1001 received the 'have' message from 1002 for the piece 23.
2020-12-10 17:05:22.507: Peer 1001 received the 'have' message from 1003 for the piece 25.
2020-12-10 17:05:22.533: Peer 1001 received the 'have' message from 1002 for the piece 24.
2020-12-10 17:05:22.56: Peer 1001 received the 'have' message from 1003 for the piece 26.
2020-12-10 17:05:22.583: Peer 1001 received the 'have' message from 1002 for the piece 25.
2020-12-10 17:05:22.6: Peer 1001 received the 'have' message from 1003 for the piece 27.
2020-12-10 17:05:22.63: Peer 1001 received the 'have' message from 1002 for the piece 26.
2020-12-10 17:05:22.646: Peer 1001 received the 'have' message from 1003 for the piece 28.
2020-12-10 17:05:22.677: Peer 1001 received the 'have' message from 1002 for the piece 27.
2020-12-10 17:05:22.703: Peer 1001 received the 'have' message from 1003 for the piece 29.
2020-12-10 17:05:22.723: Peer 1001 received the 'have' message from 1002 for the piece 28.
2020-12-10 17:05:22.74: Peer 1001 received the 'have' message from 1003 for the piece 30.
2020-12-10 17:05:22.77: Peer 1001 received the 'have' message from 1002 for the piece 29.
2020-12-10 17:05:22.788: Peer 1001 received the 'have' message from 1003 for the piece 31.
2020-12-10 17:05:22.816: Peer 1001 received the 'have' message from 1002 for the piece 30.
2020-12-10 17:05:22.844: Peer 1001 received the 'have' message from 1003 for the piece 32.
2020-12-10 17:05:22.854: Peer 1001 received the 'have' message from 1002 for the piece 31.
2020-12-10 17:05:22.891: Peer 1001 received the 'have' message from 1002 for the piece 32.
2020-12-10 17:05:22.893: Peer 1001 received the 'have' message from 1003 for the piece 33.
2020-12-10 17:05:22.906: Peer 1001 received the 'have' message from 1002 for the piece 33.
2020-12-10 17:05:22.912: Peer 1001 received the 'have' message from 1003 for the piece 34.
2020-12-10 17:05:22.923: Peer 1001 received the 'have' message from 1002 for the piece 34.
2020-12-10 17:05:22.936: Peer 1001 received the 'have' message from 1003 for the piece 35.
2020-12-10 17:05:22.937: Peer 1001 received the 'have' message from 1002 for the piece 35.
2020-12-10 17:05:22.948: Peer 1001 received the 'have' message from 1003 for the piece 36.
2020-12-10 17:05:22.956: Peer 1001 received the 'have' message from 1002 for the piece 36.
2020-12-10 17:05:22.966: Peer 1001 received the 'have' message from 1003 for the piece 37.
2020-12-10 17:05:22.971: Peer 1001 received the 'have' message from 1002 for the piece 37.
2020-12-10 17:05:22.985: Peer 1001 received the 'have' message from 1003 for the piece 38.
2020-12-10 17:05:22.991: Peer 1001 received the 'have' message from 1002 for the piece 38.
2020-12-10 17:05:23.0: Peer 1001 received the 'have' message from 1003 for the piece 39.
2020-12-10 17:05:23.01: Peer 1001 received the 'have' message from 1002 for the piece 39.
2020-12-10 17:05:23.017: Peer 1001 received the 'have' message from 1003 for the piece 40.
2020-12-10 17:05:23.031: Peer 1001 received the 'have' message from 1002 for the piece 40.
2020-12-10 17:05:23.037: Peer 1001 received the 'have' message from 1003 for the piece 41.
2020-12-10 17:05:23.052: Peer 1001 received the 'have' message from 1002 for the piece 41.
2020-12-10 17:05:23.054: Peer 1001 received the 'have' message from 1003 for the piece 42.
2020-12-10 17:05:23.067: Peer 1001 received the 'have' message from 1003 for the piece 43.
2020-12-10 17:05:23.077: Peer 1001 received the 'have' message from 1002 for the piece 42.
2020-12-10 17:05:23.088: Peer 1001 received the 'have' message from 1003 for the piece 44.
2020-12-10 17:05:23.092: Peer 1001 received the 'have' message from 1002 for the piece 43.
2020-12-10 17:05:23.108: Peer 1001 received the 'have' message from 1002 for the piece 44.
2020-12-10 17:05:23.11: Peer 1001 received the 'have' message from 1003 for the piece 45.
2020-12-10 17:05:23.125: Peer 1001 received the 'have' message from 1003 for the piece 46.
2020-12-10 17:05:23.132: Peer 1001 received the 'have' message from 1002 for the piece 45.
2020-12-10 17:05:23.144: Peer 1001 received the 'have' message from 1003 for the piece 47.
2020-12-10 17:05:23.147: Peer 1001 received the 'have' message from 1002 for the piece 46.
2020-12-10 17:05:23.159: Peer 1001 received the 'have' message from 1003 for the piece 48.
2020-12-10 17:05:23.17: Peer 1001 received the 'have' message from 1002 for the piece 47.
2020-12-10 17:05:23.175: Peer 1001 received the 'have' message from 1003 for the piece 49.
2020-12-10 17:05:23.187: Peer 1001 received the 'have' message from 1002 for the piece 48.
2020-12-10 17:05:23.194: Peer 1001 received the 'have' message from 1003 for the piece 50.
2020-12-10 17:05:23.205: Peer 1001 received the 'have' message from 1002 for the piece 49.
2020-12-10 17:05:23.209: Peer 1001 received the 'have' message from 1003 for the piece 51.
2020-12-10 17:05:23.226: Peer 1001 received the 'have' message from 1002 for the piece 50.
2020-12-10 17:05:23.232: Peer 1001 received the 'have' message from 1003 for the piece 52.
2020-12-10 17:05:23.242: Peer 1001 received the 'have' message from 1002 for the piece 51.
2020-12-10 17:05:23.248: Peer 1001 received the 'have' message from 1003 for the piece 53.
2020-12-10 17:05:23.257: Peer 1001 received the 'have' message from 1002 for the piece 52.
2020-12-10 17:05:23.265: Peer 1001 received the 'have' message from 1003 for the piece 54.
2020-12-10 17:05:23.281: Peer 1001 received the 'have' message from 1003 for the piece 55.
2020-12-10 17:05:23.284: Peer 1001 received the 'have' message from 1002 for the piece 53.
2020-12-10 17:05:23.296: Peer 1001 received the 'have' message from 1003 for the piece 56.
2020-12-10 17:05:23.304: Peer 1001 received the 'have' message from 1002 for the piece 54.
2020-12-10 17:05:23.311: Peer 1001 received the 'have' message from 1003 for the piece 57.
2020-12-10 17:05:23.327: Peer 1001 received the 'have' message from 1002 for the piece 55.
2020-12-10 17:05:23.333: Peer 1001 received the 'have' message from 1003 for the piece 58.
2020-12-10 17:05:23.343: Peer 1001 received the 'have' message from 1002 for the piece 56.
2020-12-10 17:05:23.35: Peer 1001 received the 'have' message from 1003 for the piece 59.
2020-12-10 17:05:23.357: Peer 1001 received the 'have' message from 1002 for the piece 57.
2020-12-10 17:05:23.366: Peer 1001 received the 'have' message from 1003 for the piece 60.
2020-12-10 17:05:23.381: Peer 1001 received the 'have' message from 1003 for the piece 61.
2020-12-10 17:05:23.385: Peer 1001 received the 'have' message from 1002 for the piece 58.
2020-12-10 17:05:23.401: Peer 1001 received the 'have' message from 1003 for the piece 62.
2020-12-10 17:05:23.407: Peer 1001 received the 'have' message from 1002 for the piece 59.
2020-12-10 17:05:23.419: Peer 1001 received the 'have' message from 1003 for the piece 63.
2020-12-10 17:05:23.433: Peer 1001 received the 'have' message from 1003 for the piece 64.
2020-12-10 17:05:23.436: Peer 1001 received the 'have' message from 1002 for the piece 60.
2020-12-10 17:05:23.451: Peer 1001 received the 'have' message from 1003 for the piece 65.
2020-12-10 17:05:23.454: Peer 1001 received the 'have' message from 1002 for the piece 61.
2020-12-10 17:05:23.468: Peer 1001 received the 'have' message from 1003 for the piece 66.
2020-12-10 17:05:23.482: Peer 1001 received the 'have' message from 1002 for the piece 62.
2020-12-10 17:05:23.483: Peer 1001 received the 'have' message from 1003 for the piece 67.
2020-12-10 17:05:23.5: Peer 1001 received the 'have' message from 1002 for the piece 63.
2020-12-10 17:05:23.505: Peer 1001 received the 'have' message from 1003 for the piece 68.
2020-12-10 17:05:23.52: Peer 1001 received the 'have' message from 1002 for the piece 64.
2020-12-10 17:05:23.522: Peer 1001 received the 'have' message from 1003 for the piece 69.
2020-12-10 17:05:23.536: Peer 1001 received the 'have' message from 1003 for the piece 70.
2020-12-10 17:05:23.547: Peer 1001 received the 'have' message from 1002 for the piece 65.
2020-12-10 17:05:23.552: Peer 1001 received the 'have' message from 1003 for the piece 71.
2020-12-10 17:05:23.564: Peer 1001 received the 'have' message from 1002 for the piece 66.
2020-12-10 17:05:23.569: Peer 1001 received the 'have' message from 1003 for the piece 72.
2020-12-10 17:05:23.58: Peer 1001 received the 'have' message from 1002 for the piece 67.
2020-12-10 17:05:23.591: Peer 1001 received the 'have' message from 1003 for the piece 73.
2020-12-10 17:05:23.599: Peer 1001 received the 'have' message from 1002 for the piece 68.
2020-12-10 17:05:23.61: Peer 1001 received the 'have' message from 1003 for the piece 74.
2020-12-10 17:05:23.62: Peer 1001 received the 'have' message from 1002 for the piece 69.
2020-12-10 17:05:23.627: Peer 1001 received the 'have' message from 1003 for the piece 75.
2020-12-10 17:05:23.637: Peer 1001 received the 'have' message from 1002 for the piece 70.
2020-12-10 17:05:23.647: Peer 1001 received the 'have' message from 1003 for the piece 76.
2020-12-10 17:05:23.656: Peer 1001 received the 'have' message from 1002 for the piece 71.
2020-12-10 17:05:23.666: Peer 1001 received the 'have' message from 1003 for the piece 77.
2020-12-10 17:05:23.671: Peer 1001 received the 'have' message from 1002 for the piece 72.
2020-12-10 17:05:23.684: Peer 1001 received the 'have' message from 1002 for the piece 73.
2020-12-10 17:05:23.69: Peer 1001 received the 'have' message from 1003 for the piece 78.
2020-12-10 17:05:23.703: Peer 1001 received the 'have' message from 1002 for the piece 74.
2020-12-10 17:05:23.707: Peer 1001 received the 'have' message from 1003 for the piece 79.
2020-12-10 17:05:23.72: Peer 1001 received the 'have' message from 1002 for the piece 75.
2020-12-10 17:05:23.723: Peer 1001 received the 'have' message from 1003 for the piece 80.
2020-12-10 17:05:23.738: Peer 1001 received the 'have' message from 1002 for the piece 76.
2020-12-10 17:05:23.741: Peer 1001 received the 'have' message from 1003 for the piece 81.
2020-12-10 17:05:23.754: Peer 1001 received the 'have' message from 1002 for the piece 77.
2020-12-10 17:05:23.756: Peer 1001 received the 'have' message from 1003 for the piece 82.
2020-12-10 17:05:23.771: Peer 1001 received the 'have' message from 1002 for the piece 78.
2020-12-10 17:05:23.782: Peer 1001 received the 'have' message from 1003 for the piece 83.
2020-12-10 17:05:23.787: Peer 1001 received the 'have' message from 1002 for the piece 79.
2020-12-10 17:05:23.797: Peer 1001 received the 'have' message from 1003 for the piece 84.
2020-12-10 17:05:23.809: Peer 1001 received the 'have' message from 1002 for the piece 80.
2020-12-10 17:05:23.815: Peer 1001 received the 'have' message from 1003 for the piece 85.
2020-12-10 17:05:23.829: Peer 1001 received the 'have' message from 1003 for the piece 86.
2020-12-10 17:05:23.832: Peer 1001 received the 'have' message from 1002 for the piece 81.
2020-12-10 17:05:23.853: Peer 1001 received the 'have' message from 1003 for the piece 87.
2020-12-10 17:05:23.856: Peer 1001 received the 'have' message from 1002 for the piece 82.
2020-12-10 17:05:23.868: Peer 1001 received the 'have' message from 1003 for the piece 88.
2020-12-10 17:05:23.871: Peer 1001 received the 'have' message from 1002 for the piece 83.
2020-12-10 17:05:23.886: Peer 1001 received the 'have' message from 1002 for the piece 84.
2020-12-10 17:05:23.891: Peer 1001 received the 'have' message from 1003 for the piece 89.
2020-12-10 17:05:23.904: Peer 1001 received the 'have' message from 1003 for the piece 90.
2020-12-10 17:05:23.906: Peer 1001 received the 'have' message from 1002 for the piece 85.
2020-12-10 17:05:23.921: Peer 1001 received the 'have' message from 1003 for the piece 91.
2020-12-10 17:05:23.923: Peer 1001 received the 'have' message from 1002 for the piece 86.
2020-12-10 17:05:23.939: Peer 1001 received the 'have' message from 1003 for the piece 92.
2020-12-10 17:05:23.942: Peer 1001 received the 'have' message from 1002 for the piece 87.
2020-12-10 17:05:23.953: Peer 1001 received the 'have' message from 1003 for the piece 93.
2020-12-10 17:05:23.968: Peer 1001 received the 'have' message from 1002 for the piece 88.
2020-12-10 17:05:23.972: Peer 1001 received the 'have' message from 1003 for the piece 94.
2020-12-10 17:05:23.986: Peer 1001 received the 'have' message from 1003 for the piece 95.
2020-12-10 17:05:23.987: Peer 1001 received the 'have' message from 1002 for the piece 89.
2020-12-10 17:05:24.001: Peer 1001 received the 'have' message from 1003 for the piece 96.
2020-12-10 17:05:24.008: Peer 1001 received the 'have' message from 1002 for the piece 90.
2020-12-10 17:05:24.021: Peer 1001 received the 'have' message from 1003 for the piece 97.
2020-12-10 17:05:24.031: Peer 1001 received the 'have' message from 1002 for the piece 91.
2020-12-10 17:05:24.042: Peer 1001 received the 'have' message from 1003 for the piece 98.
2020-12-10 17:05:24.054: Peer 1001 received the 'have' message from 1002 for the piece 92.
2020-12-10 17:05:24.055: Peer 1001 received the 'have' message from 1003 for the piece 99.
2020-12-10 17:05:24.073: Peer 1001 received the 'have' message from 1003 for the piece 100.
2020-12-10 17:05:24.074: Peer 1001 received the 'have' message from 1002 for the piece 93.
2020-12-10 17:05:24.087: Peer 1001 received the 'have' message from 1002 for the piece 94.
2020-12-10 17:05:24.092: Peer 1001 received the 'have' message from 1003 for the piece 101.
2020-12-10 17:05:24.106: Peer 1001 received the 'have' message from 1002 for the piece 95.
2020-12-10 17:05:24.111: Peer 1001 received the 'have' message from 1003 for the piece 102.
2020-12-10 17:05:24.12: Peer 1001 received the 'have' message from 1002 for the piece 96.
2020-12-10 17:05:24.129: Peer 1001 received the 'have' message from 1003 for the piece 103.
2020-12-10 17:05:24.14: Peer 1001 received the 'have' message from 1002 for the piece 97.
2020-12-10 17:05:24.144: Peer 1001 received the 'have' message from 1003 for the piece 104.
2020-12-10 17:05:24.157: Peer 1001 received the 'have' message from 1002 for the piece 98.
2020-12-10 17:05:24.163: Peer 1001 received the 'have' message from 1003 for the piece 105.
2020-12-10 17:05:24.173: Peer 1001 received the 'have' message from 1003 for the piece 106.
2020-12-10 17:05:24.183: Peer 1001 received the 'have' message from 1002 for the piece 99.
2020-12-10 17:05:24.189: Peer 1001 received the 'have' message from 1003 for the piece 107.
2020-12-10 17:05:24.204: Peer 1001 received the 'have' message from 1002 for the piece 100.
2020-12-10 17:05:24.212: Peer 1001 received the 'have' message from 1003 for the piece 108.
2020-12-10 17:05:24.228: Peer 1001 received the 'have' message from 1002 for the piece 101.
2020-12-10 17:05:24.23: Peer 1001 received the 'have' message from 1003 for the piece 109.
2020-12-10 17:05:24.243: Peer 1001 received the 'have' message from 1002 for the piece 102.
2020-12-10 17:05:24.249: Peer 1001 received the 'have' message from 1003 for the piece 110.
2020-12-10 17:05:24.26: Peer 1001 received the 'have' message from 1002 for the piece 103.
2020-12-10 17:05:24.265: Peer 1001 received the 'have' message from 1003 for the piece 111.
2020-12-10 17:05:24.278: Peer 1001 received the 'have' message from 1002 for the piece 104.
2020-12-10 17:05:24.283: Peer 1001 received the 'have' message from 1003 for the piece 112.
2020-12-10 17:05:24.295: Peer 1001 received the 'have' message from 1002 for the piece 105.
2020-12-10 17:05:24.303: Peer 1001 received the 'have' message from 1003 for the piece 113.
2020-12-10 17:05:24.314: Peer 1001 received the 'have' message from 1002 for the piece 106.
2020-12-10 17:05:24.32: Peer 1001 received the 'have' message from 1003 for the piece 114.
2020-12-10 17:05:24.335: Peer 1001 received the 'have' message from 1002 for the piece 107.
2020-12-10 17:05:24.341: Peer 1001 received the 'have' message from 1003 for the piece 115.
2020-12-10 17:05:24.352: Peer 1001 received the 'have' message from 1002 for the piece 108.
2020-12-10 17:05:24.357: Peer 1001 received the 'have' message from 1003 for the piece 116.
2020-12-10 17:05:24.37: Peer 1001 received the 'have' message from 1003 for the piece 117.
2020-12-10 17:05:24.371: Peer 1001 received the 'have' message from 1002 for the piece 109.
2020-12-10 17:05:24.389: Peer 1001 received the 'have' message from 1002 for the piece 110.
2020-12-10 17:05:24.39: Peer 1001 received the 'have' message from 1003 for the piece 118.
2020-12-10 17:05:24.404: Peer 1001 received the 'have' message from 1002 for the piece 111.
2020-12-10 17:05:24.408: Peer 1001 received the 'have' message from 1003 for the piece 119.
2020-12-10 17:05:24.424: Peer 1001 received the 'have' message from 1003 for the piece 120.
2020-12-10 17:05:24.431: Peer 1001 received the 'have' message from 1002 for the piece 112.
2020-12-10 17:05:24.439: Peer 1001 received the 'have' message from 1002 for the piece 113.
2020-12-10 17:05:24.447: Peer 1001 received the 'have' message from 1003 for the piece 121.
2020-12-10 17:05:24.459: Peer 1001 received the 'have' message from 1002 for the piece 114.
2020-12-10 17:05:24.466: Peer 1001 received the 'have' message from 1003 for the piece 122.
2020-12-10 17:05:24.482: Peer 1001 received the 'have' message from 1002 for the piece 115.
2020-12-10 17:05:24.486: Peer 1001 received the 'have' message from 1003 for the piece 123.
2020-12-10 17:05:24.497: Peer 1001 received the 'have' message from 1002 for the piece 116.
2020-12-10 17:05:24.507: Peer 1001 received the 'have' message from 1003 for the piece 124.
2020-12-10 17:05:24.515: Peer 1001 received the 'have' message from 1002 for the piece 117.
2020-12-10 17:05:24.523: Peer 1001 received the 'have' message from 1003 for the piece 125.
2020-12-10 17:05:24.532: Peer 1001 received the 'have' message from 1002 for the piece 118.
2020-12-10 17:05:24.542: Peer 1001 received the 'have' message from 1003 for the piece 126.
2020-12-10 17:05:24.549: Peer 1001 received the 'have' message from 1002 for the piece 119.
2020-12-10 17:05:24.56: Peer 1001 received the 'have' message from 1003 for the piece 127.
2020-12-10 17:05:24.571: Peer 1001 received the 'have' message from 1002 for the piece 120.
2020-12-10 17:05:24.575: Peer 1001 received the 'have' message from 1003 for the piece 128.
2020-12-10 17:05:24.589: Peer 1001 received the 'have' message from 1002 for the piece 121.
2020-12-10 17:05:24.593: Peer 1001 received the 'have' message from 1003 for the piece 129.
2020-12-10 17:05:24.607: Peer 1001 received the 'have' message from 1003 for the piece 130.
2020-12-10 17:05:24.616: Peer 1001 received the 'have' message from 1002 for the piece 122.
2020-12-10 17:05:24.626: Peer 1001 received the 'have' message from 1003 for the piece 131.
2020-12-10 17:05:24.632: Peer 1001 received the 'have' message from 1002 for the piece 123.
2020-12-10 17:05:24.646: Peer 1001 received the 'have' message from 1002 for the piece 124.
2020-12-10 17:05:24.648: Peer 1001 received the 'have' message from 1003 for the piece 132.
2020-12-10 17:05:24.664: Peer 1001 received the 'have' message from 1002 for the piece 125.
2020-12-10 17:05:24.668: Peer 1001 received the 'have' message from 1003 for the piece 133.
2020-12-10 17:05:24.68: Peer 1001 received the 'have' message from 1002 for the piece 126.
2020-12-10 17:05:24.686: Peer 1001 received the 'have' message from 1003 for the piece 134.
2020-12-10 17:05:24.698: Peer 1001 received the 'have' message from 1002 for the piece 127.
2020-12-10 17:05:24.701: Peer 1001 received the 'have' message from 1003 for the piece 135.
2020-12-10 17:05:24.715: Peer 1001 received the 'have' message from 1002 for the piece 128.
2020-12-10 17:05:24.719: Peer 1001 received the 'have' message from 1003 for the piece 136.
2020-12-10 17:05:24.734: Peer 1001 received the 'have' message from 1002 for the piece 129.
2020-12-10 17:05:24.743: Peer 1001 received the 'have' message from 1003 for the piece 137.
2020-12-10 17:05:24.751: Peer 1001 received the 'have' message from 1002 for the piece 130.
2020-12-10 17:05:24.762: Peer 1001 received the 'have' message from 1003 for the piece 138.
2020-12-10 17:05:24.771: Peer 1001 received the 'have' message from 1002 for the piece 131.
2020-12-10 17:05:24.778: Peer 1001 received the 'have' message from 1003 for the piece 139.
2020-12-10 17:05:24.79: Peer 1001 received the 'have' message from 1002 for the piece 132.
2020-12-10 17:05:24.797: Peer 1001 received the 'have' message from 1003 for the piece 140.
2020-12-10 17:05:24.808: Peer 1001 received the 'have' message from 1002 for the piece 133.
2020-12-10 17:05:24.814: Peer 1001 received the 'have' message from 1003 for the piece 141.
2020-12-10 17:05:24.827: Peer 1001 received the 'have' message from 1002 for the piece 134.
2020-12-10 17:05:24.835: Peer 1001 received the 'have' message from 1003 for the piece 142.
2020-12-10 17:05:24.845: Peer 1001 received the 'have' message from 1002 for the piece 135.
2020-12-10 17:05:24.853: Peer 1001 received the 'have' message from 1003 for the piece 143.
2020-12-10 17:05:24.865: Peer 1001 received the 'have' message from 1002 for the piece 136.
2020-12-10 17:05:24.872: Peer 1001 received the 'have' message from 1003 for the piece 144.
2020-12-10 17:05:24.884: Peer 1001 received the 'have' message from 1002 for the piece 137.
2020-12-10 17:05:24.89: Peer 1001 received the 'have' message from 1003 for the piece 145.
2020-12-10 17:05:24.903: Peer 1001 received the 'have' message from 1002 for the piece 138.
2020-12-10 17:05:24.905: Peer 1001 received the 'have' message from 1003 for the piece 146.
2020-12-10 17:05:24.92: Peer 1001 received the 'have' message from 1002 for the piece 139.
2020-12-10 17:05:24.921: Peer 1001 received the 'have' message from 1003 for the piece 147.
2020-12-10 17:05:24.936: Peer 1001 received the 'have' message from 1002 for the piece 140.
2020-12-10 17:05:24.943: Peer 1001 received the 'have' message from 1003 for the piece 148.
2020-12-10 17:05:24.953: Peer 1001 received the 'have' message from 1002 for the piece 141.
2020-12-10 17:05:24.96: Peer 1001 received the 'have' message from 1003 for the piece 149.
2020-12-10 17:05:24.974: Peer 1001 received the 'have' message from 1002 for the piece 142.
2020-12-10 17:05:24.978: Peer 1001 received the 'have' message from 1003 for the piece 150.
2020-12-10 17:05:24.988: Peer 1001 received the 'have' message from 1002 for the piece 143.
2020-12-10 17:05:24.998: Peer 1001 received the 'have' message from 1003 for the piece 151.
2020-12-10 17:05:25.002: Peer 1001 received the 'have' message from 1002 for the piece 144.
2020-12-10 17:05:25.015: Peer 1001 received the 'have' message from 1002 for the piece 145.
2020-12-10 17:05:25.021: Peer 1001 received the 'have' message from 1003 for the piece 152.
2020-12-10 17:05:25.032: Peer 1001 received the 'have' message from 1002 for the piece 146.
2020-12-10 17:05:25.04: Peer 1001 received the 'have' message from 1003 for the piece 153.
2020-12-10 17:05:25.052: Peer 1001 received the 'have' message from 1002 for the piece 147.
2020-12-10 17:05:25.057: Peer 1001 received the 'have' message from 1003 for the piece 154.
2020-12-10 17:05:25.064: Peer 1001 received the 'have' message from 1002 for the piece 148.
2020-12-10 17:05:25.076: Peer 1001 received the 'have' message from 1003 for the piece 155.
2020-12-10 17:05:25.085: Peer 1001 received the 'have' message from 1002 for the piece 149.
2020-12-10 17:05:25.092: Peer 1001 received the 'have' message from 1003 for the piece 156.
2020-12-10 17:05:25.104: Peer 1001 received the 'have' message from 1002 for the piece 150.
2020-12-10 17:05:25.108: Peer 1001 received the 'have' message from 1003 for the piece 157.
2020-12-10 17:05:25.12: Peer 1001 received the 'have' message from 1002 for the piece 151.
2020-12-10 17:05:25.13: Peer 1001 received the 'have' message from 1003 for the piece 158.
2020-12-10 17:05:25.139: Peer 1001 received the 'have' message from 1002 for the piece 152.
2020-12-10 17:05:25.147: Peer 1001 received the 'have' message from 1003 for the piece 159.
2020-12-10 17:05:25.154: Peer 1001 received the 'have' message from 1002 for the piece 153.
2020-12-10 17:05:25.165: Peer 1001 received the 'have' message from 1003 for the piece 160.
2020-12-10 17:05:25.171: Peer 1001 received the 'have' message from 1002 for the piece 154.
2020-12-10 17:05:25.182: Peer 1001 received the 'have' message from 1003 for the piece 161.
2020-12-10 17:05:25.187: Peer 1001 received the 'have' message from 1002 for the piece 155.
2020-12-10 17:05:25.199: Peer 1001 received the 'have' message from 1003 for the piece 162.
2020-12-10 17:05:25.207: Peer 1001 received the 'have' message from 1002 for the piece 156.
2020-12-10 17:05:25.216: Peer 1001 received the 'have' message from 1003 for the piece 163.
2020-12-10 17:05:25.229: Peer 1001 received the 'have' message from 1002 for the piece 157.
2020-12-10 17:05:25.232: Peer 1001 received the 'have' message from 1003 for the piece 164.
2020-12-10 17:05:25.247: Peer 1001 received the 'have' message from 1002 for the piece 158.
2020-12-10 17:05:25.249: Peer 1001 received the 'have' message from 1003 for the piece 165.
2020-12-10 17:05:25.262: Peer 1001 received the 'have' message from 1002 for the piece 159.
2020-12-10 17:05:25.27: Peer 1001 received the 'have' message from 1003 for the piece 166.
2020-12-10 17:05:25.28: Peer 1001 received the 'have' message from 1002 for the piece 160.
2020-12-10 17:05:25.287: Peer 1001 received the 'have' message from 1003 for the piece 167.
2020-12-10 17:05:25.294: Peer 1001 received the 'have' message from 1002 for the piece 161.
2020-12-10 17:05:25.307: Peer 1001 received the 'have' message from 1003 for the piece 168.
2020-12-10 17:05:25.309: Peer 1001 received the 'have' message from 1002 for the piece 162.
2020-12-10 17:05:25.327: Peer 1001 received the 'have' message from 1002 for the piece 163.
2020-12-10 17:05:25.331: Peer 1001 received the 'have' message from 1003 for the piece 169.
2020-12-10 17:05:25.343: Peer 1001 received the 'have' message from 1003 for the piece 170.
2020-12-10 17:05:25.35: Peer 1001 received the 'have' message from 1002 for the piece 164.
2020-12-10 17:05:25.359: Peer 1001 received the 'have' message from 1002 for the piece 165.
2020-12-10 17:05:25.367: Peer 1001 received the 'have' message from 1003 for the piece 171.
2020-12-10 17:05:25.38: Peer 1001 received the 'have' message from 1002 for the piece 166.
2020-12-10 17:05:25.384: Peer 1001 received the 'have' message from 1003 for the piece 172.
2020-12-10 17:05:25.393: Peer 1001 received the 'have' message from 1002 for the piece 167.
2020-12-10 17:05:25.402: Peer 1001 received the 'have' message from 1003 for the piece 173.
2020-12-10 17:05:25.413: Peer 1001 received the 'have' message from 1002 for the piece 168.
2020-12-10 17:05:25.417: Peer 1001 received the 'have' message from 1003 for the piece 174.
2020-12-10 17:05:25.428: Peer 1001 received the 'have' message from 1002 for the piece 169.
2020-12-10 17:05:25.44: Peer 1001 received the 'have' message from 1003 for the piece 175.
2020-12-10 17:05:25.443: Peer 1001 received the 'have' message from 1002 for the piece 170.
2020-12-10 17:05:25.452: Peer 1001 received the 'have' message from 1003 for the piece 176.
2020-12-10 17:05:25.464: Peer 1001 received the 'have' message from 1002 for the piece 171.
2020-12-10 17:05:25.473: Peer 1001 received the 'have' message from 1003 for the piece 177.
2020-12-10 17:05:25.479: Peer 1001 received the 'have' message from 1002 for the piece 172.
2020-12-10 17:05:25.49: Peer 1001 received the 'have' message from 1003 for the piece 178.
2020-12-10 17:05:25.497: Peer 1001 received the 'have' message from 1002 for the piece 173.
2020-12-10 17:05:25.504: Peer 1001 received the 'have' message from 1003 for the piece 179.
2020-12-10 17:05:25.522: Peer 1001 received the 'have' message from 1002 for the piece 174.
2020-12-10 17:05:25.523: Peer 1001 received the 'have' message from 1003 for the piece 180.
2020-12-10 17:05:25.539: Peer 1001 received the 'have' message from 1002 for the piece 175.
2020-12-10 17:05:25.544: Peer 1001 received the 'have' message from 1003 for the piece 181.
2020-12-10 17:05:25.557: Peer 1001 received the 'have' message from 1002 for the piece 176.
2020-12-10 17:05:25.565: Peer 1001 received the 'have' message from 1003 for the piece 182.
2020-12-10 17:05:25.574: Peer 1001 received the 'have' message from 1002 for the piece 177.
2020-12-10 17:05:25.584: Peer 1001 received the 'have' message from 1003 for the piece 183.
2020-12-10 17:05:25.591: Peer 1001 received the 'have' message from 1002 for the piece 178.
2020-12-10 17:05:25.602: Peer 1001 received the 'have' message from 1003 for the piece 184.
2020-12-10 17:05:25.614: Peer 1001 received the 'have' message from 1002 for the piece 179.
2020-12-10 17:05:25.62: Peer 1001 received the 'have' message from 1003 for the piece 185.
2020-12-10 17:05:25.632: Peer 1001 received the 'have' message from 1002 for the piece 180.
2020-12-10 17:05:25.637: Peer 1001 received the 'have' message from 1003 for the piece 186.
2020-12-10 17:05:25.648: Peer 1001 received the 'have' message from 1002 for the piece 181.
2020-12-10 17:05:25.653: Peer 1001 received the 'have' message from 1003 for the piece 187.
2020-12-10 17:05:25.666: Peer 1001 received the 'have' message from 1002 for the piece 182.
2020-12-10 17:05:25.674: Peer 1001 received the 'have' message from 1003 for the piece 188.
2020-12-10 17:05:25.685: Peer 1001 received the 'have' message from 1003 for the piece 189.
2020-12-10 17:05:25.689: Peer 1001 received the 'have' message from 1002 for the piece 183.
2020-12-10 17:05:25.701: Peer 1001 received the 'have' message from 1003 for the piece 190.
2020-12-10 17:05:25.713: Peer 1001 received the 'have' message from 1002 for the piece 184.
2020-12-10 17:05:25.723: Peer 1001 received the 'have' message from 1003 for the piece 191.
2020-12-10 17:05:25.73: Peer 1001 received the 'have' message from 1002 for the piece 185.
2020-12-10 17:05:25.739: Peer 1001 received the 'have' message from 1003 for the piece 192.
2020-12-10 17:05:25.747: Peer 1001 received the 'have' message from 1002 for the piece 186.
2020-12-10 17:05:25.758: Peer 1001 received the 'have' message from 1003 for the piece 193.
2020-12-10 17:05:25.767: Peer 1001 received the 'have' message from 1002 for the piece 187.
2020-12-10 17:05:25.776: Peer 1001 received the 'have' message from 1003 for the piece 194.
2020-12-10 17:05:25.784: Peer 1001 received the 'have' message from 1002 for the piece 188.
2020-12-10 17:05:25.798: Peer 1001 received the 'have' message from 1003 for the piece 195.
2020-12-10 17:05:25.801: Peer 1001 received the 'have' message from 1002 for the piece 189.
2020-12-10 17:05:25.81: Peer 1001 received the 'have' message from 1003 for the piece 196.
2020-12-10 17:05:25.819: Peer 1001 received the 'have' message from 1002 for the piece 190.
2020-12-10 17:05:25.832: Peer 1001 received the 'have' message from 1003 for the piece 197.
2020-12-10 17:05:25.838: Peer 1001 received the 'have' message from 1002 for the piece 191.
2020-12-10 17:05:25.849: Peer 1001 received the 'have' message from 1003 for the piece 198.
2020-12-10 17:05:25.855: Peer 1001 received the 'have' message from 1002 for the piece 192.
2020-12-10 17:05:25.867: Peer 1001 received the 'have' message from 1003 for the piece 199.
2020-12-10 17:05:25.877: Peer 1001 received the 'have' message from 1002 for the piece 193.
2020-12-10 17:05:25.882: Peer 1001 received the 'have' message from 1003 for the piece 200.
2020-12-10 17:05:25.898: Peer 1001 received the 'have' message from 1002 for the piece 194.
2020-12-10 17:05:25.899: Peer 1001 received the 'have' message from 1003 for the piece 201.
2020-12-10 17:05:25.912: Peer 1001 received the 'have' message from 1002 for the piece 195.
2020-12-10 17:05:25.916: Peer 1001 received the 'have' message from 1003 for the piece 202.
2020-12-10 17:05:25.93: Peer 1001 received the 'have' message from 1003 for the piece 203.
2020-12-10 17:05:25.931: Peer 1001 received the 'have' message from 1002 for the piece 196.
2020-12-10 17:05:25.944: Peer 1001 received the 'have' message from 1003 for the piece 204.
2020-12-10 17:05:25.954: Peer 1001 received the 'have' message from 1002 for the piece 197.
2020-12-10 17:05:25.961: Peer 1001 received the 'have' message from 1003 for the piece 205.
2020-12-10 17:05:25.977: Peer 1001 received the 'have' message from 1003 for the piece 206.
2020-12-10 17:05:25.978: Peer 1001 received the 'have' message from 1002 for the piece 198.
2020-12-10 17:05:25.991: Peer 1001 received the 'have' message from 1003 for the piece 207.
2020-12-10 17:05:25.996: Peer 1001 received the 'have' message from 1002 for the piece 199.
2020-12-10 17:05:26.005: Peer 1001 received the 'have' message from 1003 for the piece 208.
2020-12-10 17:05:26.018: Peer 1001 received the 'have' message from 1002 for the piece 200.
2020-12-10 17:05:26.024: Peer 1001 received the 'have' message from 1003 for the piece 209.
2020-12-10 17:05:26.032: Peer 1001 received the 'have' message from 1002 for the piece 201.
2020-12-10 17:05:26.049: Peer 1001 received the 'have' message from 1003 for the piece 210.
2020-12-10 17:05:26.051: Peer 1001 received the 'have' message from 1002 for the piece 202.
2020-12-10 17:05:26.06: Peer 1001 received the 'have' message from 1002 for the piece 203.
2020-12-10 17:05:26.068: Peer 1001 received the 'have' message from 1003 for the piece 211.
2020-12-10 17:05:26.074: Peer 1001 received the 'have' message from 1002 for the piece 204.
2020-12-10 17:05:26.086: Peer 1001 received the 'have' message from 1003 for the piece 212.
2020-12-10 17:05:26.094: Peer 1001 received the 'have' message from 1002 for the piece 205.
2020-12-10 17:05:26.102: Peer 1001 received the 'have' message from 1003 for the piece 213.
2020-12-10 17:05:26.112: Peer 1001 received the 'have' message from 1002 for the piece 206.
2020-12-10 17:05:26.12: Peer 1001 received the 'have' message from 1003 for the piece 214.
2020-12-10 17:05:26.129: Peer 1001 received the 'have' message from 1002 for the piece 207.
2020-12-10 17:05:26.137: Peer 1001 received the 'have' message from 1003 for the piece 215.
2020-12-10 17:05:26.146: Peer 1001 received the 'have' message from 1002 for the piece 208.
2020-12-10 17:05:26.154: Peer 1001 received the 'have' message from 1003 for the piece 216.
2020-12-10 17:05:26.167: Peer 1001 received the 'have' message from 1002 for the piece 209.
2020-12-10 17:05:26.169: Peer 1001 received the 'have' message from 1003 for the piece 217.
2020-12-10 17:05:26.184: Peer 1001 received the 'have' message from 1003 for the piece 218.
2020-12-10 17:05:26.19: Peer 1001 received the 'have' message from 1002 for the piece 210.
2020-12-10 17:05:26.2: Peer 1001 received the 'have' message from 1002 for the piece 211.
2020-12-10 17:05:26.209: Peer 1001 received the 'have' message from 1003 for the piece 219.
2020-12-10 17:05:26.22: Peer 1001 received the 'have' message from 1002 for the piece 212.
2020-12-10 17:05:26.227: Peer 1001 received the 'have' message from 1003 for the piece 220.
2020-12-10 17:05:26.24: Peer 1001 received the 'have' message from 1002 for the piece 213.
2020-12-10 17:05:26.242: Peer 1001 received the 'have' message from 1003 for the piece 221.
2020-12-10 17:05:26.256: Peer 1001 received the 'have' message from 1003 for the piece 222.
2020-12-10 17:05:26.26: Peer 1001 received the 'have' message from 1002 for the piece 214.
2020-12-10 17:05:26.274: Peer 1001 received the 'have' message from 1003 for the piece 223.
2020-12-10 17:05:26.277: Peer 1001 received the 'have' message from 1002 for the piece 215.
2020-12-10 17:05:26.287: Peer 1001 has preferred neighbors [1003, 1002].
2020-12-10 17:05:26.288: Peer 1001 received the 'have' message from 1003 for the piece 224.
2020-12-10 17:05:26.3: Peer 1001 received the 'have' message from 1002 for the piece 216.
2020-12-10 17:05:26.308: Peer 1001 received the 'have' message from 1003 for the piece 225.
2020-12-10 17:05:26.317: Peer 1001 received the 'have' message from 1002 for the piece 217.
2020-12-10 17:05:26.324: Peer 1001 received the 'have' message from 1003 for the piece 226.
2020-12-10 17:05:26.336: Peer 1001 received the 'have' message from 1002 for the piece 218.
2020-12-10 17:05:26.352: Peer 1001 received the 'have' message from 1002 for the piece 219.
2020-12-10 17:05:26.354: Peer 1001 received the 'have' message from 1003 for the piece 227.
2020-12-10 17:05:26.363: Peer 1001 received the 'have' message from 1002 for the piece 219.
2020-12-10 17:05:26.377: Peer 1001 received the 'have' message from 1002 for the piece 220.
2020-12-10 17:05:26.38: Peer 1001 received the 'have' message from 1002 for the piece 220.
2020-12-10 17:05:26.394: Peer 1001 received the 'have' message from 1002 for the piece 227.
2020-12-10 17:05:26.395: Peer 1001 received the 'have' message from 1003 for the piece 228.
2020-12-10 17:05:26.398: Peer 1001 received the 'have' message from 1002 for the piece 221.
2020-12-10 17:05:26.412: Peer 1001 received the 'have' message from 1003 for the piece 229.
2020-12-10 17:05:26.419: Peer 1001 received the 'have' message from 1002 for the piece 221.
2020-12-10 17:05:26.43: Peer 1001 received the 'have' message from 1002 for the piece 222.
2020-12-10 17:05:26.431: Peer 1001 received the 'have' message from 1003 for the piece 230.
2020-12-10 17:05:26.447: Peer 1001 received the 'have' message from 1002 for the piece 222.
2020-12-10 17:05:26.448: Peer 1001 received the 'have' message from 1003 for the piece 231.
2020-12-10 17:05:26.463: Peer 1001 received the 'have' message from 1002 for the piece 228.
2020-12-10 17:05:26.474: Peer 1001 received the 'have' message from 1003 for the piece 232.
2020-12-10 17:05:26.494: Peer 1001 received the 'have' message from 1002 for the piece 223.
2020-12-10 17:05:26.527: Peer 1001 received the 'have' message from 1003 for the piece 233.
2020-12-10 17:05:26.539: Peer 1001 received the 'have' message from 1002 for the piece 222.
2020-12-10 17:05:26.553: Peer 1001 received the 'have' message from 1002 for the piece 224.
2020-12-10 17:05:26.559: Peer 1001 received the 'have' message from 1003 for the piece 234.
2020-12-10 17:05:26.576: Peer 1001 received the 'have' message from 1003 for the piece 235.
2020-12-10 17:05:26.58: Peer 1001 received the 'have' message from 1002 for the piece 229.
2020-12-10 17:05:26.587: Peer 1001 received the 'have' message from 1002 for the piece 225.
2020-12-10 17:05:26.605: Peer 1001 received the 'have' message from 1002 for the piece 223.
2020-12-10 17:05:26.606: Peer 1001 received the 'have' message from 1002 for the piece 226.
2020-12-10 17:05:26.607: Peer 1001 received the 'have' message from 1003 for the piece 236.
2020-12-10 17:05:26.618: Peer 1001 received the 'have' message from 1002 for the piece 224.
2020-12-10 17:05:26.632: Peer 1001 received the 'have' message from 1002 for the piece 230.
2020-12-10 17:05:26.638: Peer 1001 received the 'have' message from 1003 for the piece 237.
2020-12-10 17:05:26.646: Peer 1001 received the 'have' message from 1002 for the piece 230.
2020-12-10 17:05:26.652: Peer 1001 received the 'have' message from 1002 for the piece 231.
2020-12-10 17:05:26.661: Peer 1001 received the 'have' message from 1002 for the piece 224.
2020-12-10 17:05:26.678: Peer 1001 received the 'have' message from 1002 for the piece 232.
2020-12-10 17:05:26.679: Peer 1001 received the 'have' message from 1002 for the piece 231.
2020-12-10 17:05:26.681: Peer 1001 received the 'have' message from 1003 for the piece 238.
2020-12-10 17:05:26.693: Peer 1001 received the 'have' message from 1002 for the piece 226.
2020-12-10 17:05:26.699: Peer 1001 received the 'have' message from 1002 for the piece 233.
2020-12-10 17:05:26.71: Peer 1001 received the 'have' message from 1002 for the piece 232.
2020-12-10 17:05:26.716: Peer 1001 received the 'have' message from 1003 for the piece 239.
2020-12-10 17:05:26.723: Peer 1001 received the 'have' message from 1002 for the piece 234.
2020-12-10 17:05:26.731: Peer 1001 received the 'have' message from 1002 for the piece 230.
2020-12-10 17:05:26.743: Peer 1001 received the 'have' message from 1002 for the piece 230.
2020-12-10 17:05:26.745: Peer 1001 received the 'have' message from 1003 for the piece 240.
2020-12-10 17:05:26.747: Peer 1001 received the 'have' message from 1002 for the piece 235.
2020-12-10 17:05:26.762: Peer 1001 received the 'have' message from 1002 for the piece 233.
2020-12-10 17:05:26.763: Peer 1001 received the 'have' message from 1003 for the piece 241.
2020-12-10 17:05:26.777: Peer 1001 received the 'have' message from 1002 for the piece 231.
2020-12-10 17:05:26.778: Peer 1001 received the 'have' message from 1002 for the piece 236.
2020-12-10 17:05:26.789: Peer 1001 received the 'have' message from 1003 for the piece 242.
2020-12-10 17:05:26.796: Peer 1001 received the 'have' message from 1002 for the piece 234.
2020-12-10 17:05:26.803: Peer 1001 received the 'have' message from 1002 for the piece 237.
2020-12-10 17:05:26.809: Peer 1001 received the 'have' message from 1003 for the piece 243.
2020-12-10 17:05:26.821: Peer 1001 received the 'have' message from 1002 for the piece 232.
2020-12-10 17:05:26.823: Peer 1001 received the 'have' message from 1003 for the piece 244.
2020-12-10 17:05:26.826: Peer 1001 received the 'have' message from 1002 for the piece 238.
2020-12-10 17:05:26.84: Peer 1001 received the 'have' message from 1002 for the piece 235.
2020-12-10 17:05:26.841: Peer 1001 received the 'have' message from 1002 for the piece 239.
2020-12-10 17:05:26.854: Peer 1001 received the 'have' message from 1003 for the piece 245.
2020-12-10 17:05:26.855: Peer 1001 received the 'have' message from 1002 for the piece 233.
2020-12-10 17:05:26.868: Peer 1001 received the 'have' message from 1002 for the piece 240.
2020-12-10 17:05:26.869: Peer 1001 received the 'have' message from 1002 for the piece 233.
2020-12-10 17:05:26.882: Peer 1001 received the 'have' message from 1003 for the piece 246.
2020-12-10 17:05:26.888: Peer 1001 received the 'have' message from 1002 for the piece 234.
2020-12-10 17:05:26.896: Peer 1001 received the 'have' message from 1002 for the piece 241.
2020-12-10 17:05:26.9: Peer 1001 received the 'have' message from 1003 for the piece 247.
2020-12-10 17:05:26.912: Peer 1001 received the 'have' message from 1002 for the piece 236.
2020-12-10 17:05:26.917: Peer 1001 received the 'have' message from 1002 for the piece 235.
2020-12-10 17:05:26.918: Peer 1001 received the 'have' message from 1002 for the piece 242.
2020-12-10 17:05:26.929: Peer 1001 received the 'have' message from 1003 for the piece 248.
2020-12-10 17:05:26.935: Peer 1001 received the 'have' message from 1002 for the piece 243.
2020-12-10 17:05:26.944: Peer 1001 received the 'have' message from 1002 for the piece 236.
2020-12-10 17:05:26.949: Peer 1001 received the 'have' message from 1002 for the piece 244.
2020-12-10 17:05:26.958: Peer 1001 received the 'have' message from 1003 for the piece 249.
2020-12-10 17:05:26.963: Peer 1001 received the 'have' message from 1002 for the piece 237.
2020-12-10 17:05:26.966: Peer 1001 received the 'have' message from 1002 for the piece 245.
2020-12-10 17:05:26.98: Peer 1001 received the 'have' message from 1003 for the piece 250.
2020-12-10 17:05:26.985: Peer 1001 received the 'have' message from 1002 for the piece 236.
2020-12-10 17:05:26.989: Peer 1001 received the 'have' message from 1002 for the piece 246.
2020-12-10 17:05:27.002: Peer 1001 received the 'have' message from 1003 for the piece 251.
2020-12-10 17:05:27.004: Peer 1001 received the 'have' message from 1002 for the piece 237.
2020-12-10 17:05:27.011: Peer 1001 received the 'have' message from 1002 for the piece 247.
2020-12-10 17:05:27.023: Peer 1001 received the 'have' message from 1003 for the piece 252.
2020-12-10 17:05:27.025: Peer 1001 received the 'have' message from 1002 for the piece 238.
2020-12-10 17:05:27.031: Peer 1001 received the 'have' message from 1002 for the piece 238.
2020-12-10 17:05:27.04: Peer 1001 received the 'have' message from 1002 for the piece 248.
2020-12-10 17:05:27.05: Peer 1001 received the 'have' message from 1003 for the piece 253.
2020-12-10 17:05:27.052: Peer 1001 received the 'have' message from 1002 for the piece 238.
2020-12-10 17:05:27.063: Peer 1001 received the 'have' message from 1002 for the piece 249.
2020-12-10 17:05:27.072: Peer 1001 received the 'have' message from 1002 for the piece 240.
2020-12-10 17:05:27.077: Peer 1001 received the 'have' message from 1002 for the piece 250.
2020-12-10 17:05:27.081: Peer 1001 received the 'have' message from 1003 for the piece 254.
2020-12-10 17:05:27.089: Peer 1001 received the 'have' message from 1002 for the piece 240.
2020-12-10 17:05:27.099: Peer 1001 received the 'have' message from 1002 for the piece 251.
2020-12-10 17:05:27.1: Peer 1001 received the 'have' message from 1003 for the piece 255.
2020-12-10 17:05:27.114: Peer 1001 received the 'have' message from 1002 for the piece 241.
2020-12-10 17:05:27.119: Peer 1001 received the 'have' message from 1002 for the piece 252.
2020-12-10 17:05:27.12: Peer 1001 received the 'have' message from 1003 for the piece 256.
2020-12-10 17:05:27.126: Peer 1001 received the 'have' message from 1002 for the piece 242.
2020-12-10 17:05:27.139: Peer 1001 received the 'have' message from 1003 for the piece 257.
2020-12-10 17:05:27.144: Peer 1001 received the 'have' message from 1002 for the piece 242.
2020-12-10 17:05:27.152: Peer 1001 received the 'have' message from 1002 for the piece 253.
2020-12-10 17:05:27.157: Peer 1001 received the 'have' message from 1003 for the piece 258.
2020-12-10 17:05:27.161: Peer 1001 received the 'have' message from 1002 for the piece 243.
2020-12-10 17:05:27.177: Peer 1001 received the 'have' message from 1002 for the piece 254.
2020-12-10 17:05:27.178: Peer 1001 received the 'have' message from 1002 for the piece 244.
2020-12-10 17:05:27.179: Peer 1001 received the 'have' message from 1003 for the piece 259.
2020-12-10 17:05:27.193: Peer 1001 received the 'have' message from 1002 for the piece 245.
2020-12-10 17:05:27.205: Peer 1001 received the 'have' message from 1003 for the piece 260.
2020-12-10 17:05:27.209: Peer 1001 received the 'have' message from 1002 for the piece 255.
2020-12-10 17:05:27.213: Peer 1001 received the 'have' message from 1002 for the piece 247.
2020-12-10 17:05:27.226: Peer 1001 received the 'have' message from 1002 for the piece 247.
2020-12-10 17:05:27.228: Peer 1001 received the 'have' message from 1003 for the piece 261.
2020-12-10 17:05:27.239: Peer 1001 received the 'have' message from 1002 for the piece 256.
2020-12-10 17:05:27.244: Peer 1001 received the 'have' message from 1002 for the piece 248.
2020-12-10 17:05:27.246: Peer 1001 received the 'have' message from 1003 for the piece 262.
2020-12-10 17:05:27.259: Peer 1001 received the 'have' message from 1002 for the piece 248.
2020-12-10 17:05:27.268: Peer 1001 received the 'have' message from 1002 for the piece 257.
2020-12-10 17:05:27.271: Peer 1001 received the 'have' message from 1003 for the piece 263.
2020-12-10 17:05:27.28: Peer 1001 received the 'have' message from 1002 for the piece 249.
2020-12-10 17:05:27.289: Peer 1001 received the 'have' message from 1002 for the piece 258.
2020-12-10 17:05:27.291: Peer 1001 received the 'have' message from 1003 for the piece 264.
2020-12-10 17:05:27.292: Peer 1001 received the 'have' message from 1002 for the piece 250.
2020-12-10 17:05:27.312: Peer 1001 received the 'have' message from 1002 for the piece 259.
2020-12-10 17:05:27.314: Peer 1001 received the 'have' message from 1002 for the piece 251.
2020-12-10 17:05:27.32: Peer 1001 received the 'have' message from 1003 for the piece 265.
2020-12-10 17:05:27.327: Peer 1001 received the 'have' message from 1002 for the piece 252.
2020-12-10 17:05:27.337: Peer 1001 received the 'have' message from 1002 for the piece 253.
2020-12-10 17:05:27.348: Peer 1001 received the 'have' message from 1002 for the piece 260.
2020-12-10 17:05:27.352: Peer 1001 received the 'have' message from 1003 for the piece 266.
2020-12-10 17:05:27.362: Peer 1001 received the 'have' message from 1002 for the piece 253.
2020-12-10 17:05:27.366: Peer 1001 received the 'have' message from 1002 for the piece 254.
2020-12-10 17:05:27.378: Peer 1001 received the 'have' message from 1003 for the piece 267.
2020-12-10 17:05:27.38: Peer 1001 received the 'have' message from 1002 for the piece 261.
2020-12-10 17:05:27.382: Peer 1001 received the 'have' message from 1002 for the piece 255.
2020-12-10 17:05:27.397: Peer 1001 received the 'have' message from 1002 for the piece 255.
2020-12-10 17:05:27.401: Peer 1001 received the 'have' message from 1002 for the piece 262.
2020-12-10 17:05:27.406: Peer 1001 received the 'have' message from 1003 for the piece 268.
2020-12-10 17:05:27.411: Peer 1001 received the 'have' message from 1002 for the piece 256.
2020-12-10 17:05:27.423: Peer 1001 received the 'have' message from 1003 for the piece 269.
2020-12-10 17:05:27.425: Peer 1001 received the 'have' message from 1002 for the piece 263.
2020-12-10 17:05:27.429: Peer 1001 received the 'have' message from 1002 for the piece 256.
2020-12-10 17:05:27.442: Peer 1001 received the 'have' message from 1002 for the piece 257.
2020-12-10 17:05:27.453: Peer 1001 received the 'have' message from 1002 for the piece 264.
2020-12-10 17:05:27.458: Peer 1001 received the 'have' message from 1003 for the piece 270.
2020-12-10 17:05:27.462: Peer 1001 received the 'have' message from 1002 for the piece 258.
2020-12-10 17:05:27.472: Peer 1001 received the 'have' message from 1002 for the piece 265.
2020-12-10 17:05:27.476: Peer 1001 received the 'have' message from 1002 for the piece 258.
2020-12-10 17:05:27.488: Peer 1001 received the 'have' message from 1003 for the piece 271.
2020-12-10 17:05:27.489: Peer 1001 received the 'have' message from 1002 for the piece 266.
2020-12-10 17:05:27.499: Peer 1001 received the 'have' message from 1002 for the piece 259.
2020-12-10 17:05:27.504: Peer 1001 received the 'have' message from 1002 for the piece 267.
2020-12-10 17:05:27.509: Peer 1001 received the 'have' message from 1003 for the piece 272.
2020-12-10 17:05:27.521: Peer 1001 received the 'have' message from 1002 for the piece 260.
2020-12-10 17:05:27.528: Peer 1001 received the 'have' message from 1003 for the piece 273.
2020-12-10 17:05:27.53: Peer 1001 received the 'have' message from 1002 for the piece 268.
2020-12-10 17:05:27.538: Peer 1001 received the 'have' message from 1002 for the piece 260.
2020-12-10 17:05:27.547: Peer 1001 received the 'have' message from 1003 for the piece 274.
2020-12-10 17:05:27.552: Peer 1001 received the 'have' message from 1002 for the piece 269.
2020-12-10 17:05:27.553: Peer 1001 received the 'have' message from 1002 for the piece 261.
2020-12-10 17:05:27.566: Peer 1001 received the 'have' message from 1002 for the piece 261.
2020-12-10 17:05:27.572: Peer 1001 received the 'have' message from 1003 for the piece 275.
2020-12-10 17:05:27.579: Peer 1001 received the 'have' message from 1002 for the piece 261.
2020-12-10 17:05:27.584: Peer 1001 received the 'have' message from 1002 for the piece 270.
2020-12-10 17:05:27.6: Peer 1001 received the 'have' message from 1002 for the piece 262.
2020-12-10 17:05:27.601: Peer 1001 received the 'have' message from 1003 for the piece 276.
2020-12-10 17:05:27.607: Peer 1001 received the 'have' message from 1002 for the piece 271.
2020-12-10 17:05:27.615: Peer 1001 received the 'have' message from 1002 for the piece 263.
2020-12-10 17:05:27.62: Peer 1001 received the 'have' message from 1002 for the piece 272.
2020-12-10 17:05:27.627: Peer 1001 received the 'have' message from 1003 for the piece 277.
2020-12-10 17:05:27.635: Peer 1001 received the 'have' message from 1002 for the piece 263.
2020-12-10 17:05:27.646: Peer 1001 received the 'have' message from 1002 for the piece 273.
2020-12-10 17:05:27.648: Peer 1001 received the 'have' message from 1002 for the piece 264.
2020-12-10 17:05:27.65: Peer 1001 received the 'have' message from 1003 for the piece 278.
2020-12-10 17:05:27.663: Peer 1001 received the 'have' message from 1002 for the piece 265.
2020-12-10 17:05:27.674: Peer 1001 received the 'have' message from 1002 for the piece 274.
2020-12-10 17:05:27.676: Peer 1001 received the 'have' message from 1002 for the piece 266.
2020-12-10 17:05:27.683: Peer 1001 received the 'have' message from 1003 for the piece 279.
2020-12-10 17:05:27.689: Peer 1001 received the 'have' message from 1002 for the piece 266.
2020-12-10 17:05:27.697: Peer 1001 received the 'have' message from 1002 for the piece 275.
2020-12-10 17:05:27.705: Peer 1001 received the 'have' message from 1003 for the piece 280.
2020-12-10 17:05:27.711: Peer 1001 received the 'have' message from 1002 for the piece 267.
2020-12-10 17:05:27.713: Peer 1001 received the 'have' message from 1002 for the piece 276.
2020-12-10 17:05:27.73: Peer 1001 received the 'have' message from 1003 for the piece 281.
2020-12-10 17:05:27.733: Peer 1001 received the 'have' message from 1002 for the piece 269.
2020-12-10 17:05:27.735: Peer 1001 received the 'have' message from 1002 for the piece 277.
2020-12-10 17:05:27.752: Peer 1001 received the 'have' message from 1002 for the piece 278.
2020-12-10 17:05:27.753: Peer 1001 received the 'have' message from 1002 for the piece 269.
2020-12-10 17:05:27.758: Peer 1001 received the 'have' message from 1003 for the piece 282.
2020-12-10 17:05:27.768: Peer 1001 received the 'have' message from 1002 for the piece 270.
2020-12-10 17:05:27.774: Peer 1001 received the 'have' message from 1002 for the piece 279.
2020-12-10 17:05:27.785: Peer 1001 received the 'have' message from 1002 for the piece 270.
2020-12-10 17:05:27.788: Peer 1001 received the 'have' message from 1003 for the piece 283.
2020-12-10 17:05:27.793: Peer 1001 received the 'have' message from 1002 for the piece 271.
2020-12-10 17:05:27.805: Peer 1001 received the 'have' message from 1002 for the piece 280.
2020-12-10 17:05:27.808: Peer 1001 received the 'have' message from 1003 for the piece 284.
2020-12-10 17:05:27.818: Peer 1001 received the 'have' message from 1002 for the piece 271.
2020-12-10 17:05:27.828: Peer 1001 received the 'have' message from 1003 for the piece 285.
2020-12-10 17:05:27.834: Peer 1001 received the 'have' message from 1002 for the piece 272.
2020-12-10 17:05:27.838: Peer 1001 received the 'have' message from 1002 for the piece 281.
2020-12-10 17:05:27.848: Peer 1001 received the 'have' message from 1003 for the piece 286.
2020-12-10 17:05:27.853: Peer 1001 received the 'have' message from 1002 for the piece 274.
2020-12-10 17:05:27.854: Peer 1001 received the 'have' message from 1002 for the piece 282.
2020-12-10 17:05:27.869: Peer 1001 received the 'have' message from 1002 for the piece 274.
2020-12-10 17:05:27.871: Peer 1001 received the 'have' message from 1002 for the piece 283.
2020-12-10 17:05:27.882: Peer 1001 received the 'have' message from 1003 for the piece 287.
2020-12-10 17:05:27.885: Peer 1001 received the 'have' message from 1002 for the piece 274.
2020-12-10 17:05:27.892: Peer 1001 received the 'have' message from 1002 for the piece 284.
2020-12-10 17:05:27.903: Peer 1001 received the 'have' message from 1002 for the piece 275.
2020-12-10 17:05:27.904: Peer 1001 received the 'have' message from 1003 for the piece 288.
2020-12-10 17:05:27.914: Peer 1001 received the 'have' message from 1002 for the piece 285.
2020-12-10 17:05:27.916: Peer 1001 received the 'have' message from 1002 for the piece 275.
2020-12-10 17:05:27.931: Peer 1001 received the 'have' message from 1002 for the piece 286.
2020-12-10 17:05:27.934: Peer 1001 received the 'have' message from 1003 for the piece 289.
2020-12-10 17:05:27.941: Peer 1001 received the 'have' message from 1002 for the piece 276.
2020-12-10 17:05:27.949: Peer 1001 received the 'have' message from 1002 for the piece 278.
2020-12-10 17:05:27.951: Peer 1001 received the 'have' message from 1002 for the piece 287.
2020-12-10 17:05:27.964: Peer 1001 received the 'have' message from 1003 for the piece 290.
2020-12-10 17:05:27.966: Peer 1001 received the 'have' message from 1002 for the piece 279.
2020-12-10 17:05:27.98: Peer 1001 received the 'have' message from 1002 for the piece 288.
2020-12-10 17:05:27.98: Peer 1001 received the 'have' message from 1002 for the piece 279.
2020-12-10 17:05:27.986: Peer 1001 received the 'have' message from 1003 for the piece 291.
2020-12-10 17:05:27.995: Peer 1001 received the 'have' message from 1002 for the piece 280.
2020-12-10 17:05:28.005: Peer 1001 received the 'have' message from 1002 for the piece 289.
2020-12-10 17:05:28.008: Peer 1001 received the 'have' message from 1002 for the piece 280.
2020-12-10 17:05:28.011: Peer 1001 received the 'have' message from 1003 for the piece 292.
2020-12-10 17:05:28.026: Peer 1001 received the 'have' message from 1002 for the piece 281.
2020-12-10 17:05:28.028: Peer 1001 received the 'have' message from 1002 for the piece 290.
2020-12-10 17:05:28.042: Peer 1001 received the 'have' message from 1003 for the piece 293.
2020-12-10 17:05:28.043: Peer 1001 received the 'have' message from 1002 for the piece 282.
2020-12-10 17:05:28.049: Peer 1001 received the 'have' message from 1002 for the piece 291.
2020-12-10 17:05:28.049: Peer 1001 received the 'have' message from 1002 for the piece 283.
2020-12-10 17:05:28.051: Peer 1001 received the 'have' message from 1003 for the piece 294.
2020-12-10 17:05:28.051: Peer 1001 received the 'have' message from 1002 for the piece 284.
2020-12-10 17:05:28.051: Peer 1001 received the 'have' message from 1002 for the piece 292.
2020-12-10 17:05:28.053: Peer 1001 received the 'have' message from 1003 for the piece 295.
2020-12-10 17:05:28.054: Peer 1001 received the 'have' message from 1002 for the piece 284.
2020-12-10 17:05:28.054: Peer 1001 received the 'have' message from 1002 for the piece 293.
2020-12-10 17:05:28.056: Peer 1001 received the 'have' message from 1003 for the piece 296.
2020-12-10 17:05:28.056: Peer 1001 received the 'have' message from 1002 for the piece 285.
2020-12-10 17:05:28.058: Peer 1001 received the 'have' message from 1002 for the piece 286.
2020-12-10 17:05:28.058: Peer 1001 received the 'have' message from 1002 for the piece 294.
2020-12-10 17:05:28.063: Peer 1001 received the 'have' message from 1003 for the piece 297.
2020-12-10 17:05:28.065: Peer 1001 received the 'have' message from 1002 for the piece 287.
2020-12-10 17:05:28.066: Peer 1001 received the 'have' message from 1002 for the piece 295.
2020-12-10 17:05:28.066: Peer 1001 received the 'have' message from 1003 for the piece 298.
2020-12-10 17:05:28.067: Peer 1001 received the 'have' message from 1002 for the piece 288.
2020-12-10 17:05:28.067: Peer 1001 received the 'have' message from 1002 for the piece 296.
2020-12-10 17:05:28.068: Peer 1001 received the 'have' message from 1003 for the piece 299.
2020-12-10 17:05:28.069: Peer 1001 received the 'have' message from 1002 for the piece 288.
2020-12-10 17:05:28.07: Peer 1001 received the 'have' message from 1003 for the piece 300.
2020-12-10 17:05:28.07: Peer 1001 received the 'have' message from 1002 for the piece 297.
2020-12-10 17:05:28.07: Peer 1001 received the 'have' message from 1002 for the piece 289.
2020-12-10 17:05:28.072: Peer 1001 received the 'have' message from 1002 for the piece 289.
2020-12-10 17:05:28.072: Peer 1001 received the 'have' message from 1003 for the piece 301.
2020-12-10 17:05:28.073: Peer 1001 received the 'have' message from 1002 for the piece 298.
2020-12-10 17:05:28.076: Peer 1001 received the 'have' message from 1003 for the piece 302.
2020-12-10 17:05:28.08: Peer 1001 received the 'have' message from 1002 for the piece 290.
2020-12-10 17:05:28.081: Peer 1001 received the 'have' message from 1003 for the piece 303.
2020-12-10 17:05:28.082: Peer 1001 received the 'have' message from 1002 for the piece 291.
2020-12-10 17:05:28.082: Peer 1001 received the 'have' message from 1002 for the piece 299.
2020-12-10 17:05:28.083: Peer 1001 received the 'have' message from 1003 for the piece 304.
2020-12-10 17:05:28.084: Peer 1001 received the 'have' message from 1002 for the piece 291.
2020-12-10 17:05:28.084: Peer 1001 received the 'have' message from 1002 for the piece 300.
2020-12-10 17:05:28.085: Peer 1001 received the 'have' message from 1002 for the piece 292.
2020-12-10 17:05:28.086: Peer 1001 received the 'have' message from 1003 for the piece 305.
2020-12-10 17:05:28.086: Peer 1001 received the 'have' message from 1002 for the piece 292.
2020-12-10 17:05:28.087: Peer 1001 received the 'have' message from 1002 for the piece 301.
2020-12-10 17:05:28.088: Peer 1001 received the 'have' message from 1002 for the piece 294.
2020-12-10 17:05:28.089: Peer 1001 received the 'have' message from 1003 for the piece 306.
2020-12-10 17:05:28.089: Peer 1001 received the 'have' message from 1002 for the piece 302.
2020-12-10 17:05:28.091: Peer 1001 received the 'have' message from 1002 for the piece 294.
2020-12-10 17:05:28.091: Peer 1001 received the 'have' message from 1003 for the piece 307.
2020-12-10 17:05:28.091: Peer 1001 received the 'have' message from 1002 for the piece 303.
2020-12-10 17:05:28.097: Peer 1001 received the 'have' message from 1002 for the piece 295.
2020-12-10 17:05:28.098: Peer 1001 received the 'have' message from 1002 for the piece 304.
2020-12-10 17:05:28.099: Peer 1001 received the 'have' message from 1003 for the piece 308.
2020-12-10 17:05:28.099: Peer 1001 received the 'have' message from 1002 for the piece 296.
2020-12-10 17:05:28.1: Peer 1001 received the 'have' message from 1002 for the piece 305.
2020-12-10 17:05:28.101: Peer 1001 received the 'have' message from 1003 for the piece 309.
2020-12-10 17:05:28.102: Peer 1001 received the 'have' message from 1002 for the piece 296.
2020-12-10 17:05:28.102: Peer 1001 received the 'have' message from 1002 for the piece 297.
2020-12-10 17:05:28.103: Peer 1001 received the 'have' message from 1002 for the piece 306.
2020-12-10 17:05:28.104: Peer 1001 received the 'have' message from 1003 for the piece 310.
2020-12-10 17:05:28.104: Peer 1001 received the 'have' message from 1002 for the piece 298.
2020-12-10 17:05:28.106: Peer 1001 received the 'have' message from 1002 for the piece 307.
2020-12-10 17:05:28.11: Peer 1001 received the 'have' message from 1002 for the piece 299.
2020-12-10 17:05:28.111: Peer 1001 received the 'have' message from 1003 for the piece 311.
2020-12-10 17:05:28.112: Peer 1001 received the 'have' message from 1002 for the piece 308.
2020-12-10 17:05:28.112: Peer 1001 received the 'have' message from 1002 for the piece 299.
2020-12-10 17:05:28.114: Peer 1001 received the 'have' message from 1003 for the piece 312.
2020-12-10 17:05:28.114: Peer 1001 received the 'have' message from 1002 for the piece 309.
2020-12-10 17:05:28.115: Peer 1001 received the 'have' message from 1002 for the piece 300.
2020-12-10 17:05:28.115: Peer 1001 received the 'have' message from 1003 for the piece 313.
2020-12-10 17:05:28.116: Peer 1001 received the 'have' message from 1002 for the piece 300.
2020-12-10 17:05:28.117: Peer 1001 received the 'have' message from 1002 for the piece 310.
2020-12-10 17:05:28.117: Peer 1001 received the 'have' message from 1003 for the piece 314.
2020-12-10 17:05:28.118: Peer 1001 received the 'have' message from 1002 for the piece 301.
2020-12-10 17:05:28.119: Peer 1001 received the 'have' message from 1002 for the piece 311.
2020-12-10 17:05:28.12: Peer 1001 received the 'have' message from 1002 for the piece 301.
2020-12-10 17:05:28.12: Peer 1001 received the 'have' message from 1003 for the piece 315.
2020-12-10 17:05:28.123: Peer 1001 received the 'have' message from 1002 for the piece 302.
2020-12-10 17:05:28.123: Peer 1001 received the 'have' message from 1002 for the piece 312.
2020-12-10 17:05:28.127: Peer 1001 received the 'have' message from 1003 for the piece 316.
2020-12-10 17:05:28.128: Peer 1001 received the 'have' message from 1002 for the piece 303.
2020-12-10 17:05:28.13: Peer 1001 received the 'have' message from 1002 for the piece 313.
2020-12-10 17:05:28.131: Peer 1001 received the 'have' message from 1003 for the piece 317.
2020-12-10 17:05:28.133: Peer 1001 received the 'have' message from 1002 for the piece 304.
2020-12-10 17:05:28.134: Peer 1001 received the 'have' message from 1002 for the piece 314.
2020-12-10 17:05:28.134: Peer 1001 received the 'have' message from 1003 for the piece 318.
2020-12-10 17:05:28.135: Peer 1001 received the 'have' message from 1002 for the piece 305.
2020-12-10 17:05:28.135: Peer 1001 received the 'have' message from 1002 for the piece 315.
2020-12-10 17:05:28.136: Peer 1001 received the 'have' message from 1003 for the piece 319.
2020-12-10 17:05:28.136: Peer 1001 received the 'have' message from 1002 for the piece 306.
2020-12-10 17:05:28.138: Peer 1001 received the 'have' message from 1002 for the piece 316.
2020-12-10 17:05:28.143: Peer 1001 received the 'have' message from 1003 for the piece 320.
2020-12-10 17:05:28.144: Peer 1001 received the 'have' message from 1002 for the piece 317.
2020-12-10 17:05:28.145: Peer 1001 received the 'have' message from 1002 for the piece 306.
2020-12-10 17:05:28.147: Peer 1001 received the 'have' message from 1002 for the piece 318.
2020-12-10 17:05:28.147: Peer 1001 received the 'have' message from 1003 for the piece 321.
2020-12-10 17:05:28.147: Peer 1001 received the 'have' message from 1002 for the piece 307.
2020-12-10 17:05:28.15: Peer 1001 received the 'have' message from 1002 for the piece 319.
2020-12-10 17:05:28.15: Peer 1001 received the 'have' message from 1002 for the piece 308.
2020-12-10 17:05:28.151: Peer 1001 received the 'have' message from 1003 for the piece 322.
2020-12-10 17:05:28.152: Peer 1001 received the 'have' message from 1002 for the piece 309.
2020-12-10 17:05:28.153: Peer 1001 received the 'have' message from 1002 for the piece 320.
2020-12-10 17:05:28.158: Peer 1001 received the 'have' message from 1003 for the piece 323.
2020-12-10 17:05:28.16: Peer 1001 received the 'have' message from 1002 for the piece 310.
2020-12-10 17:05:28.16: Peer 1001 received the 'have' message from 1003 for the piece 324.
2020-12-10 17:05:28.161: Peer 1001 received the 'have' message from 1002 for the piece 321.
2020-12-10 17:05:28.162: Peer 1001 received the 'have' message from 1002 for the piece 310.
2020-12-10 17:05:28.164: Peer 1001 received the 'have' message from 1003 for the piece 325.
2020-12-10 17:05:28.165: Peer 1001 received the 'have' message from 1002 for the piece 322.
2020-12-10 17:05:28.166: Peer 1001 received the 'have' message from 1002 for the piece 311.
2020-12-10 17:05:28.166: Peer 1001 received the 'have' message from 1003 for the piece 326.
2020-12-10 17:05:28.168: Peer 1001 received the 'have' message from 1002 for the piece 312.
2020-12-10 17:05:28.169: Peer 1001 received the 'have' message from 1002 for the piece 323.
2020-12-10 17:05:28.169: Peer 1001 received the 'have' message from 1003 for the piece 327.
2020-12-10 17:05:28.176: Peer 1001 received the 'have' message from 1002 for the piece 313.
2020-12-10 17:05:28.177: Peer 1001 received the 'have' message from 1002 for the piece 324.
2020-12-10 17:05:28.178: Peer 1001 received the 'have' message from 1003 for the piece 328.
2020-12-10 17:05:28.178: Peer 1001 received the 'have' message from 1002 for the piece 313.
2020-12-10 17:05:28.18: Peer 1001 received the 'have' message from 1002 for the piece 325.
2020-12-10 17:05:28.181: Peer 1001 received the 'have' message from 1002 for the piece 314.
2020-12-10 17:05:28.182: Peer 1001 received the 'have' message from 1003 for the piece 329.
2020-12-10 17:05:28.183: Peer 1001 received the 'have' message from 1002 for the piece 326.
2020-12-10 17:05:28.183: Peer 1001 received the 'have' message from 1002 for the piece 315.
2020-12-10 17:05:28.185: Peer 1001 received the 'have' message from 1003 for the piece 330.
2020-12-10 17:05:28.188: Peer 1001 received the 'have' message from 1002 for the piece 316.
2020-12-10 17:05:28.191: Peer 1001 received the 'have' message from 1002 for the piece 327.
2020-12-10 17:05:28.191: Peer 1001 received the 'have' message from 1002 for the piece 318.
2020-12-10 17:05:28.194: Peer 1001 received the 'have' message from 1002 for the piece 319.
2020-12-10 17:05:28.195: Peer 1001 received the 'have' message from 1003 for the piece 331.
2020-12-10 17:05:28.195: Peer 1001 received the 'have' message from 1002 for the piece 328.
2020-12-10 17:05:28.196: Peer 1001 received the 'have' message from 1002 for the piece 320.
2020-12-10 17:05:28.197: Peer 1001 received the 'have' message from 1003 for the piece 332.
2020-12-10 17:05:28.197: Peer 1001 received the 'have' message from 1002 for the piece 329.
2020-12-10 17:05:28.198: Peer 1001 received the 'have' message from 1002 for the piece 321.
2020-12-10 17:05:28.199: Peer 1001 received the 'have' message from 1003 for the piece 333.
2020-12-10 17:05:28.2: Peer 1001 received the 'have' message from 1002 for the piece 330.
2020-12-10 17:05:28.2: Peer 1001 received the 'have' message from 1002 for the piece 321.
2020-12-10 17:05:28.205: Peer 1001 received the 'have' message from 1003 for the piece 334.
2020-12-10 17:05:28.206: Peer 1001 received the 'have' message from 1002 for the piece 322.
2020-12-10 17:05:28.207: Peer 1001 received the 'have' message from 1002 for the piece 323.
2020-12-10 17:05:28.209: Peer 1001 received the 'have' message from 1003 for the piece 335.
2020-12-10 17:05:28.209: Peer 1001 received the 'have' message from 1002 for the piece 331.
2020-12-10 17:05:28.212: Peer 1001 received the 'have' message from 1003 for the piece 336.
2020-12-10 17:05:28.212: Peer 1001 received the 'have' message from 1002 for the piece 323.
2020-12-10 17:05:28.213: Peer 1001 received the 'have' message from 1002 for the piece 324.
2020-12-10 17:05:28.213: Peer 1001 received the 'have' message from 1002 for the piece 332.
2020-12-10 17:05:28.215: Peer 1001 received the 'have' message from 1002 for the piece 333.
2020-12-10 17:05:28.215: Peer 1001 received the 'have' message from 1003 for the piece 337.
2020-12-10 17:05:28.215: Peer 1001 received the 'have' message from 1002 for the piece 325.
2020-12-10 17:05:28.216: Peer 1001 received the 'have' message from 1003 for the piece 338.
2020-12-10 17:05:28.22: Peer 1001 received the 'have' message from 1002 for the piece 326.
2020-12-10 17:05:28.221: Peer 1001 received the 'have' message from 1002 for the piece 334.
2020-12-10 17:05:28.224: Peer 1001 received the 'have' message from 1003 for the piece 339.
2020-12-10 17:05:28.225: Peer 1001 received the 'have' message from 1002 for the piece 327.
2020-12-10 17:05:28.225: Peer 1001 received the 'have' message from 1002 for the piece 335.
2020-12-10 17:05:28.227: Peer 1001 received the 'have' message from 1003 for the piece 340.
2020-12-10 17:05:28.227: Peer 1001 received the 'have' message from 1002 for the piece 327.
2020-12-10 17:05:28.229: Peer 1001 received the 'have' message from 1002 for the piece 336.
2020-12-10 17:05:28.229: Peer 1001 received the 'have' message from 1003 for the piece 341.
2020-12-10 17:05:28.231: Peer 1001 received the 'have' message from 1002 for the piece 328.
2020-12-10 17:05:28.235: Peer 1001 received the 'have' message from 1002 for the piece 337.
2020-12-10 17:05:28.235: Peer 1001 received the 'have' message from 1003 for the piece 342.
2020-12-10 17:05:28.236: Peer 1001 received the 'have' message from 1002 for the piece 328.
2020-12-10 17:05:28.238: Peer 1001 received the 'have' message from 1002 for the piece 329.
2020-12-10 17:05:28.238: Peer 1001 received the 'have' message from 1002 for the piece 338.
2020-12-10 17:05:28.24: Peer 1001 received the 'have' message from 1003 for the piece 343.
2020-12-10 17:05:28.242: Peer 1001 received the 'have' message from 1002 for the piece 339.
2020-12-10 17:05:28.243: Peer 1001 received the 'have' message from 1002 for the piece 330.
2020-12-10 17:05:28.244: Peer 1001 received the 'have' message from 1002 for the piece 331.
2020-12-10 17:05:28.244: Peer 1001 received the 'have' message from 1003 for the piece 344.
2020-12-10 17:05:28.245: Peer 1001 received the 'have' message from 1002 for the piece 340.
2020-12-10 17:05:28.247: Peer 1001 received the 'have' message from 1002 for the piece 331.
2020-12-10 17:05:28.247: Peer 1001 received the 'have' message from 1002 for the piece 341.
2020-12-10 17:05:28.251: Peer 1001 received the 'have' message from 1002 for the piece 331.
2020-12-10 17:05:28.252: Peer 1001 received the 'have' message from 1003 for the piece 345.
2020-12-10 17:05:28.253: Peer 1001 received the 'have' message from 1002 for the piece 332.
2020-12-10 17:05:28.254: Peer 1001 received the 'have' message from 1002 for the piece 342.
2020-12-10 17:05:28.256: Peer 1001 received the 'have' message from 1003 for the piece 346.
2020-12-10 17:05:28.256: Peer 1001 received the 'have' message from 1002 for the piece 333.
2020-12-10 17:05:28.258: Peer 1001 received the 'have' message from 1002 for the piece 343.
2020-12-10 17:05:28.259: Peer 1001 received the 'have' message from 1002 for the piece 334.
2020-12-10 17:05:28.259: Peer 1001 received the 'have' message from 1003 for the piece 347.
2020-12-10 17:05:28.261: Peer 1001 received the 'have' message from 1002 for the piece 344.
2020-12-10 17:05:28.261: Peer 1001 received the 'have' message from 1002 for the piece 334.
2020-12-10 17:05:28.262: Peer 1001 received the 'have' message from 1002 for the piece 336.
2020-12-10 17:05:28.265: Peer 1001 received the 'have' message from 1002 for the piece 345.
2020-12-10 17:05:28.266: Peer 1001 received the 'have' message from 1003 for the piece 348.
2020-12-10 17:05:28.269: Peer 1001 received the 'have' message from 1002 for the piece 336.
2020-12-10 17:05:28.269: Peer 1001 received the 'have' message from 1003 for the piece 349.
2020-12-10 17:05:28.269: Peer 1001 received the 'have' message from 1002 for the piece 346.
2020-12-10 17:05:28.271: Peer 1001 received the 'have' message from 1002 for the piece 337.
2020-12-10 17:05:28.271: Peer 1001 received the 'have' message from 1003 for the piece 350.
2020-12-10 17:05:28.273: Peer 1001 received the 'have' message from 1002 for the piece 347.
2020-12-10 17:05:28.274: Peer 1001 received the 'have' message from 1003 for the piece 351.
2020-12-10 17:05:28.275: Peer 1001 received the 'have' message from 1002 for the piece 338.
2020-12-10 17:05:28.276: Peer 1001 received the 'have' message from 1002 for the piece 348.
2020-12-10 17:05:28.277: Peer 1001 received the 'have' message from 1003 for the piece 352.
2020-12-10 17:05:28.278: Peer 1001 received the 'have' message from 1002 for the piece 339.
2020-12-10 17:05:28.281: Peer 1001 received the 'have' message from 1002 for the piece 349.
2020-12-10 17:05:28.283: Peer 1001 received the 'have' message from 1003 for the piece 353.
2020-12-10 17:05:28.283: Peer 1001 received the 'have' message from 1002 for the piece 340.
2020-12-10 17:05:28.284: Peer 1001 received the 'have' message from 1002 for the piece 350.
2020-12-10 17:05:28.286: Peer 1001 received the 'have' message from 1003 for the piece 354.
2020-12-10 17:05:28.287: Peer 1001 received the 'have' message from 1002 for the piece 340.
2020-12-10 17:05:28.288: Peer 1001 received the 'have' message from 1002 for the piece 341.
2020-12-10 17:05:28.288: Peer 1001 received the 'have' message from 1002 for the piece 351.
2020-12-10 17:05:28.289: Peer 1001 received the 'have' message from 1003 for the piece 355.
2020-12-10 17:05:28.29: Peer 1001 received the 'have' message from 1002 for the piece 342.
2020-12-10 17:05:28.291: Peer 1001 received the 'have' message from 1002 for the piece 352.
2020-12-10 17:05:28.292: Peer 1001 received the 'have' message from 1003 for the piece 356.
2020-12-10 17:05:28.293: Peer 1001 received the 'have' message from 1002 for the piece 342.
2020-12-10 17:05:28.303: Peer 1001 received the 'have' message from 1002 for the piece 353.
2020-12-10 17:05:28.305: Peer 1001 received the 'have' message from 1003 for the piece 357.
2020-12-10 17:05:28.305: Peer 1001 received the 'have' message from 1002 for the piece 343.
2020-12-10 17:05:28.305: Peer 1001 received the 'have' message from 1002 for the piece 354.
2020-12-10 17:05:28.307: Peer 1001 received the 'have' message from 1002 for the piece 344.
2020-12-10 17:05:28.307: Peer 1001 received the 'have' message from 1003 for the piece 358.
2020-12-10 17:05:28.309: Peer 1001 received the 'have' message from 1002 for the piece 355.
2020-12-10 17:05:28.309: Peer 1001 received the 'have' message from 1002 for the piece 345.
2020-12-10 17:05:28.313: Peer 1001 received the 'have' message from 1003 for the piece 359.
2020-12-10 17:05:28.315: Peer 1001 received the 'have' message from 1002 for the piece 346.
2020-12-10 17:05:28.315: Peer 1001 received the 'have' message from 1002 for the piece 356.
2020-12-10 17:05:28.317: Peer 1001 received the 'have' message from 1003 for the piece 360.
2020-12-10 17:05:28.318: Peer 1001 received the 'have' message from 1002 for the piece 347.
2020-12-10 17:05:28.319: Peer 1001 received the 'have' message from 1002 for the piece 357.
2020-12-10 17:05:28.32: Peer 1001 received the 'have' message from 1003 for the piece 361.
2020-12-10 17:05:28.32: Peer 1001 received the 'have' message from 1002 for the piece 347.
2020-12-10 17:05:28.321: Peer 1001 received the 'have' message from 1002 for the piece 358.
2020-12-10 17:05:28.323: Peer 1001 received the 'have' message from 1003 for the piece 362.
2020-12-10 17:05:28.323: Peer 1001 received the 'have' message from 1002 for the piece 348.
2020-12-10 17:05:28.324: Peer 1001 received the 'have' message from 1002 for the piece 359.
2020-12-10 17:05:28.325: Peer 1001 received the 'have' message from 1003 for the piece 363.
2020-12-10 17:05:28.325: Peer 1001 received the 'have' message from 1002 for the piece 349.
2020-12-10 17:05:28.329: Peer 1001 received the 'have' message from 1002 for the piece 360.
2020-12-10 17:05:28.331: Peer 1001 received the 'have' message from 1003 for the piece 364.
2020-12-10 17:05:28.332: Peer 1001 received the 'have' message from 1002 for the piece 350.
2020-12-10 17:05:28.332: Peer 1001 received the 'have' message from 1002 for the piece 361.
2020-12-10 17:05:28.333: Peer 1001 received the 'have' message from 1003 for the piece 365.
2020-12-10 17:05:28.334: Peer 1001 received the 'have' message from 1002 for the piece 351.
2020-12-10 17:05:28.335: Peer 1001 received the 'have' message from 1002 for the piece 362.
2020-12-10 17:05:28.336: Peer 1001 received the 'have' message from 1003 for the piece 366.
2020-12-10 17:05:28.336: Peer 1001 received the 'have' message from 1002 for the piece 352.
2020-12-10 17:05:28.337: Peer 1001 received the 'have' message from 1002 for the piece 363.
2020-12-10 17:05:28.338: Peer 1001 received the 'have' message from 1002 for the piece 353.
2020-12-10 17:05:28.339: Peer 1001 received the 'have' message from 1002 for the piece 353.
2020-12-10 17:05:28.34: Peer 1001 received the 'have' message from 1003 for the piece 367.
2020-12-10 17:05:28.34: Peer 1001 received the 'have' message from 1002 for the piece 364.
2020-12-10 17:05:28.345: Peer 1001 received the 'have' message from 1002 for the piece 354.
2020-12-10 17:05:28.346: Peer 1001 received the 'have' message from 1002 for the piece 365.
2020-12-10 17:05:28.347: Peer 1001 received the 'have' message from 1003 for the piece 368.
2020-12-10 17:05:28.348: Peer 1001 received the 'have' message from 1002 for the piece 355.
2020-12-10 17:05:28.35: Peer 1001 received the 'have' message from 1002 for the piece 366.
2020-12-10 17:05:28.351: Peer 1001 received the 'have' message from 1003 for the piece 369.
2020-12-10 17:05:28.352: Peer 1001 received the 'have' message from 1002 for the piece 356.
2020-12-10 17:05:28.352: Peer 1001 received the 'have' message from 1002 for the piece 357.
2020-12-10 17:05:28.353: Peer 1001 received the 'have' message from 1003 for the piece 370.
2020-12-10 17:05:28.354: Peer 1001 received the 'have' message from 1002 for the piece 367.
2020-12-10 17:05:28.354: Peer 1001 received the 'have' message from 1002 for the piece 357.
2020-12-10 17:05:28.356: Peer 1001 received the 'have' message from 1003 for the piece 371.
2020-12-10 17:05:28.357: Peer 1001 received the 'have' message from 1002 for the piece 368.
2020-12-10 17:05:28.357: Peer 1001 received the 'have' message from 1002 for the piece 358.
2020-12-10 17:05:28.363: Peer 1001 received the 'have' message from 1002 for the piece 359.
2020-12-10 17:05:28.363: Peer 1001 received the 'have' message from 1002 for the piece 369.
2020-12-10 17:05:28.363: Peer 1001 received the 'have' message from 1003 for the piece 372.
2020-12-10 17:05:28.365: Peer 1001 received the 'have' message from 1002 for the piece 360.
2020-12-10 17:05:28.365: Peer 1001 received the 'have' message from 1003 for the piece 373.
2020-12-10 17:05:28.366: Peer 1001 received the 'have' message from 1002 for the piece 370.
2020-12-10 17:05:28.367: Peer 1001 received the 'have' message from 1002 for the piece 361.
2020-12-10 17:05:28.368: Peer 1001 received the 'have' message from 1003 for the piece 374.
2020-12-10 17:05:28.368: Peer 1001 received the 'have' message from 1002 for the piece 371.
2020-12-10 17:05:28.369: Peer 1001 received the 'have' message from 1002 for the piece 363.
2020-12-10 17:05:28.37: Peer 1001 received the 'have' message from 1003 for the piece 375.
2020-12-10 17:05:28.37: Peer 1001 received the 'have' message from 1002 for the piece 363.
2020-12-10 17:05:28.372: Peer 1001 received the 'have' message from 1002 for the piece 372.
2020-12-10 17:05:28.372: Peer 1001 received the 'not interested' messaging from 1003.
2020-12-10 17:05:28.377: Peer 1001 received the 'have' message from 1002 for the piece 364.
2020-12-10 17:05:28.378: Peer 1001 received the 'have' message from 1002 for the piece 373.
2020-12-10 17:05:28.38: Peer 1001 received the 'have' message from 1002 for the piece 365.
2020-12-10 17:05:28.381: Peer 1001 received the 'have' message from 1002 for the piece 374.
2020-12-10 17:05:28.382: Peer 1001 received the 'have' message from 1002 for the piece 365.
2020-12-10 17:05:28.383: Peer 1001 received the 'have' message from 1002 for the piece 375.
2020-12-10 17:05:28.383: Peer 1001 received the 'have' message from 1002 for the piece 366.
2020-12-10 17:05:28.383: Peer 1001 received the 'not interested' messaging from 1002.
